[debug] [2020-11-18T01:00:09.027Z] ----------------------------------------------------------------------
[debug] [2020-11-18T01:00:09.029Z] Command:       /Users/georgepilitsoglou/Developer/proto/nenv/bin/node /Users/georgepilitsoglou/Developer/proto/nenv/bin/firebase deploy --only hosting
[debug] [2020-11-18T01:00:09.029Z] CLI Version:   8.16.2
[debug] [2020-11-18T01:00:09.029Z] Platform:      darwin
[debug] [2020-11-18T01:00:09.029Z] Node Version:  v13.10.0
[debug] [2020-11-18T01:00:09.030Z] Time:          Wed Nov 18 2020 03:00:09 GMT+0200 (Eastern European Standard Time)
[debug] [2020-11-18T01:00:09.030Z] ----------------------------------------------------------------------
[debug] [2020-11-18T01:00:09.030Z] 
[debug] [2020-11-18T01:00:09.038Z] > command requires scopes: ["email","openid","https://www.googleapis.com/auth/cloudplatformprojects.readonly","https://www.googleapis.com/auth/firebase","https://www.googleapis.com/auth/cloud-platform"]
[debug] [2020-11-18T01:00:09.038Z] > authorizing via signed-in user
[debug] [2020-11-18T01:00:09.038Z] [iam] checking project dreamers-1258e for permissions ["firebase.projects.get","firebasehosting.sites.update"]
[debug] [2020-11-18T01:00:09.041Z] >>> HTTP REQUEST POST https://cloudresourcemanager.googleapis.com/v1/projects/dreamers-1258e:testIamPermissions  
 {"permissions":["firebase.projects.get","firebasehosting.sites.update"]}
[debug] [2020-11-18T01:00:09.927Z] <<< HTTP RESPONSE 200 {"content-type":"application/json; charset=UTF-8","vary":"X-Origin, Referer, Origin,Accept-Encoding","date":"Wed, 18 Nov 2020 01:00:09 GMT","server":"ESF","cache-control":"private","x-xss-protection":"0","x-frame-options":"SAMEORIGIN","x-content-type-options":"nosniff","server-timing":"gfet4t7; dur=628","alt-svc":"h3-Q050=\":443\"; ma=2592000,h3-29=\":443\"; ma=2592000,h3-T051=\":443\"; ma=2592000,h3-Q046=\":443\"; ma=2592000,h3-Q043=\":443\"; ma=2592000,quic=\":443\"; ma=2592000; v=\"46,43\"","accept-ranges":"none","transfer-encoding":"chunked"}
[debug] [2020-11-18T01:00:09.929Z] >>> HTTP REQUEST GET https://firebase.googleapis.com/v1beta1/projects/dreamers-1258e  
 
[debug] [2020-11-18T01:00:10.347Z] <<< HTTP RESPONSE 200 {"content-type":"application/json; charset=UTF-8","vary":"X-Origin, Referer, Origin,Accept-Encoding","date":"Wed, 18 Nov 2020 01:00:10 GMT","server":"ESF","cache-control":"private","x-xss-protection":"0","x-frame-options":"SAMEORIGIN","x-content-type-options":"nosniff","alt-svc":"h3-29=\":443\"; ma=2592000,h3-T051=\":443\"; ma=2592000,h3-Q050=\":443\"; ma=2592000,h3-Q046=\":443\"; ma=2592000,h3-Q043=\":443\"; ma=2592000,quic=\":443\"; ma=2592000; v=\"46,43\"","accept-ranges":"none","transfer-encoding":"chunked"}
[info] 
[info] === Deploying to 'dreamers-1258e'...
[info] 
[info] i  deploying hosting 
[debug] [2020-11-18T01:00:12.267Z] >>> HTTP REQUEST POST https://firebasehosting.googleapis.com/v1beta1/sites/dreamers-1258e/versions  
 {"config":{"rewrites":[{"glob":"**","path":"/index.html"}]},"labels":{"deployment-tool":"cli-firebase"}}
